0 info it worked if it ends with ok
1 verbose cli [ 'D:\\Program Files\\nodejs\\node.exe',
1 verbose cli   'D:\\Program Files\\nodejs\\node_modules\\npm\\bin\\npm-cli.js',
1 verbose cli   'run',
1 verbose cli   'build' ]
2 info using npm@3.10.10
3 info using node@v6.11.0
4 verbose run-script [ 'prebuild', 'build', 'postbuild' ]
5 info lifecycle webpack-4@1.0.0~prebuild: webpack-4@1.0.0
6 silly lifecycle webpack-4@1.0.0~prebuild: no script for prebuild, continuing
7 info lifecycle webpack-4@1.0.0~build: webpack-4@1.0.0
8 verbose lifecycle webpack-4@1.0.0~build: unsafe-perm in lifecycle true
9 verbose lifecycle webpack-4@1.0.0~build: PATH: D:\Program Files\nodejs\node_modules\npm\bin\node-gyp-bin;C:\Users\ZTX\Documents\GitHub\webpack-learn\webpack-4\node_modules\.bin;C:\Windows\system32;C:\Windows;C:\Windows\System32\Wbem;C:\Windows\System32\WindowsPowerShell\v1.0\;C:\Program Files (x86)\AMD\ATI.ACE\Core-Static;D:\Program Files\TortoiseSVN\bin;C:\Users\ZTX\AppData\Local\GitHub\PortableGit_f02737a78695063deace08e96d5042710d3e32db\cmd\;D:\Program Files\nodejs\;C:\Users\ZTX\Documents\GitHub\nvmw;D:\Microsoft VS Code\bin;D:\Program Files\mongodb\bin;C:\MinGW\bin;C:\Users\ZTX\AppData\Roaming\npm;C:\Users\ZTX\Documents\GitHub\nvmw;
10 verbose lifecycle webpack-4@1.0.0~build: CWD: C:\Users\ZTX\Documents\GitHub\webpack-learn\webpack-4
11 silly lifecycle webpack-4@1.0.0~build: Args: [ '/d /s /c', 'webpack --mode production' ]
12 silly lifecycle webpack-4@1.0.0~build: Returned: code: 2  signal: null
13 info lifecycle webpack-4@1.0.0~build: Failed to exec build script
14 verbose stack Error: webpack-4@1.0.0 build: `webpack --mode production`
14 verbose stack Exit status 2
14 verbose stack     at EventEmitter.<anonymous> (D:\Program Files\nodejs\node_modules\npm\lib\utils\lifecycle.js:255:16)
14 verbose stack     at emitTwo (events.js:106:13)
14 verbose stack     at EventEmitter.emit (events.js:191:7)
14 verbose stack     at ChildProcess.<anonymous> (D:\Program Files\nodejs\node_modules\npm\lib\utils\spawn.js:40:14)
14 verbose stack     at emitTwo (events.js:106:13)
14 verbose stack     at ChildProcess.emit (events.js:191:7)
14 verbose stack     at maybeClose (internal/child_process.js:891:16)
14 verbose stack     at Process.ChildProcess._handle.onexit (internal/child_process.js:226:5)
15 verbose pkgid webpack-4@1.0.0
16 verbose cwd C:\Users\ZTX\Documents\GitHub\webpack-learn\webpack-4
17 error Windows_NT 6.1.7601
18 error argv "D:\\Program Files\\nodejs\\node.exe" "D:\\Program Files\\nodejs\\node_modules\\npm\\bin\\npm-cli.js" "run" "build"
19 error node v6.11.0
20 error npm  v3.10.10
21 error code ELIFECYCLE
22 error webpack-4@1.0.0 build: `webpack --mode production`
22 error Exit status 2
23 error Failed at the webpack-4@1.0.0 build script 'webpack --mode production'.
23 error Make sure you have the latest version of node.js and npm installed.
23 error If you do, this is most likely a problem with the webpack-4 package,
23 error not with npm itself.
23 error Tell the author that this fails on your system:
23 error     webpack --mode production
23 error You can get information on how to open an issue for this project with:
23 error     npm bugs webpack-4
23 error Or if that isn't available, you can get their info via:
23 error     npm owner ls webpack-4
23 error There is likely additional logging output above.
24 verbose exit [ 1, true ]
