0 info it worked if it ends with ok
1 verbose cli [ 'D:\\Program Files\\nodejs\\node.exe',
1 verbose cli   'D:\\Program Files\\nodejs\\node_modules\\npm\\bin\\npm-cli.js',
1 verbose cli   'run',
1 verbose cli   'dev' ]
2 info using npm@3.10.10
3 info using node@v6.11.0
4 verbose run-script [ 'predev', 'dev', 'postdev' ]
5 info lifecycle webpack-4@1.0.0~predev: webpack-4@1.0.0
6 silly lifecycle webpack-4@1.0.0~predev: no script for predev, continuing
7 info lifecycle webpack-4@1.0.0~dev: webpack-4@1.0.0
8 verbose lifecycle webpack-4@1.0.0~dev: unsafe-perm in lifecycle true
9 verbose lifecycle webpack-4@1.0.0~dev: PATH: D:\Program Files\nodejs\node_modules\npm\bin\node-gyp-bin;C:\Users\ZTX\Documents\GitHub\webpack-learn\webpack-4\node_modules\.bin;C:\Windows\system32;C:\Windows;C:\Windows\System32\Wbem;C:\Windows\System32\WindowsPowerShell\v1.0\;C:\Program Files (x86)\AMD\ATI.ACE\Core-Static;D:\Program Files\TortoiseSVN\bin;C:\Users\ZTX\AppData\Local\GitHub\PortableGit_f02737a78695063deace08e96d5042710d3e32db\cmd\;D:\Program Files\nodejs\;C:\Users\ZTX\Documents\GitHub\nvmw;D:\Microsoft VS Code\bin;D:\Program Files\mongodb\bin;C:\MinGW\bin;C:\Users\ZTX\AppData\Roaming\npm;C:\Users\ZTX\Documents\GitHub\nvmw;;C:\Users\ZTX\AppData\Local\Programs\Fiddler
10 verbose lifecycle webpack-4@1.0.0~dev: CWD: C:\Users\ZTX\Documents\GitHub\webpack-learn\webpack-4
11 silly lifecycle webpack-4@1.0.0~dev: Args: [ '/d /s /c',
11 silly lifecycle   'webpack-dev-server --mode=development  --config config/webpack.config.js' ]
12 verbose stack Error: kill ENOSYS
12 verbose stack     at exports._errnoException (util.js:1018:11)
12 verbose stack     at process.kill (internal/process.js:190:13)
12 verbose stack     at process.listener (D:\Program Files\nodejs\node_modules\npm\node_modules\npmlog\node_modules\gauge\node_modules\signal-exit\index.js:86:15)
12 verbose stack     at emitNone (events.js:91:20)
12 verbose stack     at process.emit (events.js:185:7)
12 verbose stack     at processEmit (D:\Program Files\nodejs\node_modules\npm\node_modules\npmlog\node_modules\gauge\node_modules\signal-exit\index.js:146:32)
12 verbose stack     at processEmit (D:\Program Files\nodejs\node_modules\npm\node_modules\npm-registry-client\node_modules\npmlog\node_modules\gauge\node_modules\signal-exit\index.js:146:32)
12 verbose stack     at Signal.wrap.onsignal (internal/process.js:217:44)
13 verbose cwd C:\Users\ZTX\Documents\GitHub\webpack-learn\webpack-4
14 error Windows_NT 6.1.7601
15 error argv "D:\\Program Files\\nodejs\\node.exe" "D:\\Program Files\\nodejs\\node_modules\\npm\\bin\\npm-cli.js" "run" "dev"
16 error node v6.11.0
17 error npm  v3.10.10
18 error code ENOSYS
19 error errno ENOSYS
20 error syscall kill
21 error kill ENOSYS
22 error If you need help, you may report this error at:
22 error     <https://github.com/npm/npm/issues>
23 verbose exit [ 1, true ]
