0 info it worked if it ends with ok
1 verbose cli [ 'D:\\Program Files\\nodejs\\node.exe',
1 verbose cli   'D:\\Program Files\\nodejs\\node_modules\\npm\\bin\\npm-cli.js',
1 verbose cli   'run',
1 verbose cli   'dev' ]
2 info using npm@3.10.10
3 info using node@v6.11.0
4 verbose run-script [ 'predev', 'dev', 'postdev' ]
5 info lifecycle learn8@1.0.0~predev: learn8@1.0.0
6 silly lifecycle learn8@1.0.0~predev: no script for predev, continuing
7 info lifecycle learn8@1.0.0~dev: learn8@1.0.0
8 verbose lifecycle learn8@1.0.0~dev: unsafe-perm in lifecycle true
9 verbose lifecycle learn8@1.0.0~dev: PATH: D:\Program Files\nodejs\node_modules\npm\bin\node-gyp-bin;C:\Users\ZTX\Documents\GitHub\webpack-learn\learn9\node_modules\.bin;C:\Windows\system32;C:\Windows;C:\Windows\System32\Wbem;C:\Windows\System32\WindowsPowerShell\v1.0\;C:\Program Files (x86)\AMD\ATI.ACE\Core-Static;D:\Program Files\TortoiseSVN\bin;C:\Users\ZTX\AppData\Local\GitHub\PortableGit_f02737a78695063deace08e96d5042710d3e32db\cmd\;D:\Program Files\nodejs\;C:\Users\ZTX\Documents\GitHub\nvmw;D:\Microsoft VS Code\bin;D:\Program Files\mongodb\bin;C:\MinGW\bin;C:\Users\ZTX\AppData\Roaming\npm;C:\Users\ZTX\Documents\GitHub\nvmw;;C:\Users\ZTX\AppData\Local\Programs\Fiddler
10 verbose lifecycle learn8@1.0.0~dev: CWD: C:\Users\ZTX\Documents\GitHub\webpack-learn\learn9
11 silly lifecycle learn8@1.0.0~dev: Args: [ '/d /s /c',
11 silly lifecycle   'cross-env NODE_ENV=dev webpack-dev-server --progress --config ./conf/webpack.dev.js' ]
12 silly lifecycle learn8@1.0.0~dev: Returned: code: 1  signal: null
13 info lifecycle learn8@1.0.0~dev: Failed to exec dev script
14 verbose stack Error: learn8@1.0.0 dev: `cross-env NODE_ENV=dev webpack-dev-server --progress --config ./conf/webpack.dev.js`
14 verbose stack Exit status 1
14 verbose stack     at EventEmitter.<anonymous> (D:\Program Files\nodejs\node_modules\npm\lib\utils\lifecycle.js:255:16)
14 verbose stack     at emitTwo (events.js:106:13)
14 verbose stack     at EventEmitter.emit (events.js:191:7)
14 verbose stack     at ChildProcess.<anonymous> (D:\Program Files\nodejs\node_modules\npm\lib\utils\spawn.js:40:14)
14 verbose stack     at emitTwo (events.js:106:13)
14 verbose stack     at ChildProcess.emit (events.js:191:7)
14 verbose stack     at maybeClose (internal/child_process.js:891:16)
14 verbose stack     at Process.ChildProcess._handle.onexit (internal/child_process.js:226:5)
15 verbose pkgid learn8@1.0.0
16 verbose cwd C:\Users\ZTX\Documents\GitHub\webpack-learn\learn9
17 error Windows_NT 6.1.7601
18 error argv "D:\\Program Files\\nodejs\\node.exe" "D:\\Program Files\\nodejs\\node_modules\\npm\\bin\\npm-cli.js" "run" "dev"
19 error node v6.11.0
20 error npm  v3.10.10
21 error code ELIFECYCLE
22 error learn8@1.0.0 dev: `cross-env NODE_ENV=dev webpack-dev-server --progress --config ./conf/webpack.dev.js`
22 error Exit status 1
23 error Failed at the learn8@1.0.0 dev script 'cross-env NODE_ENV=dev webpack-dev-server --progress --config ./conf/webpack.dev.js'.
23 error Make sure you have the latest version of node.js and npm installed.
23 error If you do, this is most likely a problem with the learn8 package,
23 error not with npm itself.
23 error Tell the author that this fails on your system:
23 error     cross-env NODE_ENV=dev webpack-dev-server --progress --config ./conf/webpack.dev.js
23 error You can get information on how to open an issue for this project with:
23 error     npm bugs learn8
23 error Or if that isn't available, you can get their info via:
23 error     npm owner ls learn8
23 error There is likely additional logging output above.
24 verbose exit [ 1, true ]
