0 info it worked if it ends with ok
1 verbose cli [ 'D:\\Program Files\\nodejs\\node.exe',
1 verbose cli   'D:\\Program Files\\nodejs\\node_modules\\npm\\bin\\npm-cli.js',
1 verbose cli   'start' ]
2 info using npm@3.10.10
3 info using node@v6.10.2
4 verbose run-script [ 'prestart', 'start', 'poststart' ]
5 info lifecycle webpack-learn@1.0.0~prestart: webpack-learn@1.0.0
6 silly lifecycle webpack-learn@1.0.0~prestart: no script for prestart, continuing
7 info lifecycle webpack-learn@1.0.0~start: webpack-learn@1.0.0
8 verbose lifecycle webpack-learn@1.0.0~start: unsafe-perm in lifecycle true
9 verbose lifecycle webpack-learn@1.0.0~start: PATH: D:\Program Files\nodejs\node_modules\npm\bin\node-gyp-bin;C:\Users\ZTX\Documents\GitHub\webpack-learn\node_modules\.bin;C:\Windows\system32;C:\Windows;C:\Windows\System32\Wbem;C:\Windows\System32\WindowsPowerShell\v1.0\;C:\Program Files (x86)\AMD\ATI.ACE\Core-Static;D:\Program Files\TortoiseSVN\bin;C:\Users\ZTX\AppData\Local\GitHub\PortableGit_f02737a78695063deace08e96d5042710d3e32db\cmd\;D:\Program Files\nodejs\;D:\Microsoft VS Code\bin;C:\Users\ZTX\AppData\Roaming\npm
10 verbose lifecycle webpack-learn@1.0.0~start: CWD: C:\Users\ZTX\Documents\GitHub\webpack-learn
11 silly lifecycle webpack-learn@1.0.0~start: Args: [ '/d /s /c', 'webpack --config mywebpack.config.js' ]
12 silly lifecycle webpack-learn@1.0.0~start: Returned: code: 1  signal: null
13 info lifecycle webpack-learn@1.0.0~start: Failed to exec start script
14 verbose stack Error: webpack-learn@1.0.0 start: `webpack --config mywebpack.config.js`
14 verbose stack Exit status 1
14 verbose stack     at EventEmitter.<anonymous> (D:\Program Files\nodejs\node_modules\npm\lib\utils\lifecycle.js:255:16)
14 verbose stack     at emitTwo (events.js:106:13)
14 verbose stack     at EventEmitter.emit (events.js:191:7)
14 verbose stack     at ChildProcess.<anonymous> (D:\Program Files\nodejs\node_modules\npm\lib\utils\spawn.js:40:14)
14 verbose stack     at emitTwo (events.js:106:13)
14 verbose stack     at ChildProcess.emit (events.js:191:7)
14 verbose stack     at maybeClose (internal/child_process.js:886:16)
14 verbose stack     at Process.ChildProcess._handle.onexit (internal/child_process.js:226:5)
15 verbose pkgid webpack-learn@1.0.0
16 verbose cwd C:\Users\ZTX\Documents\GitHub\webpack-learn
17 error Windows_NT 6.1.7601
18 error argv "D:\\Program Files\\nodejs\\node.exe" "D:\\Program Files\\nodejs\\node_modules\\npm\\bin\\npm-cli.js" "start"
19 error node v6.10.2
20 error npm  v3.10.10
21 error code ELIFECYCLE
22 error webpack-learn@1.0.0 start: `webpack --config mywebpack.config.js`
22 error Exit status 1
23 error Failed at the webpack-learn@1.0.0 start script 'webpack --config mywebpack.config.js'.
23 error Make sure you have the latest version of node.js and npm installed.
23 error If you do, this is most likely a problem with the webpack-learn package,
23 error not with npm itself.
23 error Tell the author that this fails on your system:
23 error     webpack --config mywebpack.config.js
23 error You can get information on how to open an issue for this project with:
23 error     npm bugs webpack-learn
23 error Or if that isn't available, you can get their info via:
23 error     npm owner ls webpack-learn
23 error There is likely additional logging output above.
24 verbose exit [ 1, true ]
